<?xml version="1.0" encoding="UTF-8"?>
<robot generator="Robot 5.0.1 (Python 3.8.10 on linux)" generated="20220922 15:30:26.151" rpa="false" schemaversion="3">
<suite id="s1" name="Buy Lower Contract" source="/home/nurulariessa/Desktop/RF/testcases/buy_lower_contract/buy_lower_contract.robot">
<test id="s1-t1" name="Buy Lower Contract" line="67">
<kw name="Login To Deriv">
<kw name="Open Browser" library="SeleniumLibrary">
<arg>https://app.deriv.com</arg>
<arg>chrome</arg>
<doc>Opens a new browser instance to the optional ``url``.</doc>
<msg timestamp="20220922 15:30:26.285" level="INFO">Opening browser 'chrome' to base url 'https://app.deriv.com'.</msg>
<status status="PASS" starttime="20220922 15:30:26.285" endtime="20220922 15:30:32.134"/>
</kw>
<kw name="Maximize Browser Window" library="SeleniumLibrary">
<doc>Maximizes current browser window.</doc>
<status status="PASS" starttime="20220922 15:30:32.135" endtime="20220922 15:30:32.370"/>
</kw>
<kw name="Wait Until Page Contains Element" library="SeleniumLibrary">
<arg>${purchase_call_button}</arg>
<arg>200</arg>
<doc>Waits until the element ``locator`` appears on the current page.</doc>
<status status="PASS" starttime="20220922 15:30:32.370" endtime="20220922 15:30:35.012"/>
</kw>
<kw name="Click Element" library="SeleniumLibrary">
<arg>${login_button}</arg>
<doc>Click the element identified by ``locator``.</doc>
<msg timestamp="20220922 15:30:35.015" level="INFO">Clicking element '//button[@id='dt_login_button']'.</msg>
<status status="PASS" starttime="20220922 15:30:35.013" endtime="20220922 15:30:38.464"/>
</kw>
<kw name="Wait Until Page Contains Element" library="SeleniumLibrary">
<arg>${email_field}</arg>
<arg>200</arg>
<doc>Waits until the element ``locator`` appears on the current page.</doc>
<status status="PASS" starttime="20220922 15:30:38.464" endtime="20220922 15:30:38.482"/>
</kw>
<kw name="Input Text" library="SeleniumLibrary">
<arg>${email_field}</arg>
<arg>${email}</arg>
<doc>Types the given ``text`` into the text field identified by ``locator``.</doc>
<msg timestamp="20220922 15:30:38.483" level="INFO">Typing text 'ariessa+67@besquare.com.my' into text field '//input[@id='txtEmail']'.</msg>
<status status="PASS" starttime="20220922 15:30:38.483" endtime="20220922 15:30:38.658"/>
</kw>
<kw name="Input Text" library="SeleniumLibrary">
<arg>${password_field}</arg>
<arg>${password}</arg>
<doc>Types the given ``text`` into the text field identified by ``locator``.</doc>
<msg timestamp="20220922 15:30:38.659" level="INFO">Typing text 'Passw0rd' into text field '//input[@id='txtPass']'.</msg>
<status status="PASS" starttime="20220922 15:30:38.658" endtime="20220922 15:30:38.811"/>
</kw>
<kw name="Click Element" library="SeleniumLibrary">
<arg>${login_form_button}</arg>
<doc>Click the element identified by ``locator``.</doc>
<msg timestamp="20220922 15:30:38.811" level="INFO">Clicking element '//button[@type='submit']'.</msg>
<status status="PASS" starttime="20220922 15:30:38.811" endtime="20220922 15:30:42.239"/>
</kw>
<kw name="Wait Until Page Contains Element" library="SeleniumLibrary">
<arg>${purchase_call_button}</arg>
<arg>200</arg>
<doc>Waits until the element ``locator`` appears on the current page.</doc>
<status status="PASS" starttime="20220922 15:30:42.239" endtime="20220922 15:30:44.276"/>
</kw>
<status status="PASS" starttime="20220922 15:30:26.285" endtime="20220922 15:30:44.277"/>
</kw>
<kw name="Check the Current Account Lands on Real Account">
<kw name="Click Element" library="SeleniumLibrary">
<arg>${account_info}</arg>
<doc>Click the element identified by ``locator``.</doc>
<msg timestamp="20220922 15:30:44.280" level="INFO">Clicking element '//div[@id='dt_core_account-info_acc-info']'.</msg>
<status status="PASS" starttime="20220922 15:30:44.279" endtime="20220922 15:30:45.249"/>
</kw>
<kw name="Page Should Contain Element" library="SeleniumLibrary">
<arg>${real_tab}</arg>
<doc>Verifies that element ``locator`` is found on the current page.</doc>
<msg timestamp="20220922 15:30:45.270" level="INFO">Current page contains element '//li[@id='real_account_tab']'.</msg>
<status status="PASS" starttime="20220922 15:30:45.250" endtime="20220922 15:30:45.270"/>
</kw>
<status status="PASS" starttime="20220922 15:30:44.277" endtime="20220922 15:30:45.270"/>
</kw>
<kw name="Switch to Virtual Account and Verify Virtual Account is Displayed">
<kw name="Click Element" library="SeleniumLibrary">
<arg>${demo_tab}</arg>
<doc>Click the element identified by ``locator``.</doc>
<msg timestamp="20220922 15:30:45.271" level="INFO">Clicking element '//li[@id='dt_core_account-switcher_demo-tab']'.</msg>
<status status="PASS" starttime="20220922 15:30:45.271" endtime="20220922 15:30:45.885"/>
</kw>
<kw name="Page Should Contain Element" library="SeleniumLibrary">
<arg>//*[contains(text(),'Demo') and .//div[contains(@class, 'acc-switcher__loginid-text')]]</arg>
<doc>Verifies that element ``locator`` is found on the current page.</doc>
<msg timestamp="20220922 15:30:45.925" level="INFO">Current page contains element '//*[contains(text(),'Demo') and .//div[contains(@class, 'acc-switcher__loginid-text')]]'.</msg>
<status status="PASS" starttime="20220922 15:30:45.886" endtime="20220922 15:30:45.925"/>
</kw>
<kw name="Click Element" library="SeleniumLibrary">
<arg>//div[contains(@class, 'acc-switcher__accounts')]</arg>
<doc>Click the element identified by ``locator``.</doc>
<msg timestamp="20220922 15:30:45.927" level="INFO">Clicking element '//div[contains(@class, 'acc-switcher__accounts')]'.</msg>
<status status="PASS" starttime="20220922 15:30:45.925" endtime="20220922 15:30:46.291"/>
</kw>
<kw name="Wait Until Page Contains Element" library="SeleniumLibrary">
<arg>//span[contains(@class, 'trade-container__price-info-currency')]</arg>
<arg>200</arg>
<doc>Waits until the element ``locator`` appears on the current page.</doc>
<status status="PASS" starttime="20220922 15:30:46.291" endtime="20220922 15:30:52.827"/>
</kw>
<status status="PASS" starttime="20220922 15:30:45.270" endtime="20220922 15:30:52.828"/>
</kw>
<kw name="Buy Lower Contract">
<kw name="Wait Until Page Contains Element" library="SeleniumLibrary">
<arg>${account_info}</arg>
<arg>200</arg>
<doc>Waits until the element ``locator`` appears on the current page.</doc>
<status status="PASS" starttime="20220922 15:30:52.830" endtime="20220922 15:30:52.867"/>
</kw>
<kw name="Click Element" library="SeleniumLibrary">
<arg>${account_info}</arg>
<doc>Click the element identified by ``locator``.</doc>
<msg timestamp="20220922 15:30:52.876" level="INFO">Clicking element '//div[@id='dt_core_account-info_acc-info']'.</msg>
<status status="PASS" starttime="20220922 15:30:52.868" endtime="20220922 15:30:53.296"/>
</kw>
<kw name="Click Element" library="SeleniumLibrary">
<arg>//div[@class='cq-symbol-select-btn']</arg>
<doc>Click the element identified by ``locator``.</doc>
<msg timestamp="20220922 15:30:53.296" level="INFO">Clicking element '//div[@class='cq-symbol-select-btn']'.</msg>
<status status="PASS" starttime="20220922 15:30:53.296" endtime="20220922 15:30:53.667"/>
</kw>
<kw name="Sleep" library="BuiltIn">
<arg>2</arg>
<doc>Pauses the test executed for the given time.</doc>
<msg timestamp="20220922 15:30:55.669" level="INFO">Slept 2 seconds</msg>
<status status="PASS" starttime="20220922 15:30:53.668" endtime="20220922 15:30:55.669"/>
</kw>
<kw name="Wait Until Page Contains Element" library="SeleniumLibrary">
<arg>//div[contains(text(), 'Forex') and contains(@class, 'sc-mcd__filter__item ')]</arg>
<arg>200</arg>
<doc>Waits until the element ``locator`` appears on the current page.</doc>
<status status="PASS" starttime="20220922 15:30:55.670" endtime="20220922 15:30:55.704"/>
</kw>
<kw name="Click Element" library="SeleniumLibrary">
<arg>//div[contains(text(), 'Forex') and contains(@class, 'sc-mcd__filter__item ')]</arg>
<doc>Click the element identified by ``locator``.</doc>
<msg timestamp="20220922 15:30:55.705" level="INFO">Clicking element '//div[contains(text(), 'Forex') and contains(@class, 'sc-mcd__filter__item ')]'.</msg>
<status status="PASS" starttime="20220922 15:30:55.705" endtime="20220922 15:30:55.835"/>
</kw>
<kw name="Wait Until Page Contains Element" library="SeleniumLibrary">
<arg>//div[contains(@class, 'sc-mcd__item sc-mcd__item--frxAUDUSD ')]</arg>
<arg>200</arg>
<doc>Waits until the element ``locator`` appears on the current page.</doc>
<status status="PASS" starttime="20220922 15:30:55.835" endtime="20220922 15:30:55.870"/>
</kw>
<kw name="Click Element" library="SeleniumLibrary">
<arg>//div[contains(@class, 'sc-mcd__item sc-mcd__item--frxAUDUSD ')]</arg>
<doc>Click the element identified by ``locator``.</doc>
<msg timestamp="20220922 15:30:55.871" level="INFO">Clicking element '//div[contains(@class, 'sc-mcd__item sc-mcd__item--frxAUDUSD ')]'.</msg>
<status status="PASS" starttime="20220922 15:30:55.870" endtime="20220922 15:30:56.131"/>
</kw>
<kw name="Sleep" library="BuiltIn">
<arg>2</arg>
<doc>Pauses the test executed for the given time.</doc>
<msg timestamp="20220922 15:30:58.133" level="INFO">Slept 2 seconds</msg>
<status status="PASS" starttime="20220922 15:30:56.132" endtime="20220922 15:30:58.133"/>
</kw>
<kw name="Wait Until Page Contains Element" library="SeleniumLibrary">
<arg>//div[@data-testid='dt_contract_dropdown']</arg>
<arg>200</arg>
<doc>Waits until the element ``locator`` appears on the current page.</doc>
<status status="PASS" starttime="20220922 15:30:58.134" endtime="20220922 15:30:58.522"/>
</kw>
<kw name="Click Element" library="SeleniumLibrary">
<arg>//div[@data-testid='dt_contract_dropdown']</arg>
<doc>Click the element identified by ``locator``.</doc>
<msg timestamp="20220922 15:30:58.523" level="INFO">Clicking element '//div[@data-testid='dt_contract_dropdown']'.</msg>
<status status="PASS" starttime="20220922 15:30:58.523" endtime="20220922 15:30:58.732"/>
</kw>
<kw name="Sleep" library="BuiltIn">
<arg>2</arg>
<doc>Pauses the test executed for the given time.</doc>
<msg timestamp="20220922 15:31:00.734" level="INFO">Slept 2 seconds</msg>
<status status="PASS" starttime="20220922 15:30:58.732" endtime="20220922 15:31:00.735"/>
</kw>
<kw name="Wait Until Page Contains Element" library="SeleniumLibrary">
<arg>//div[@id='dt_contract_high_low_item']</arg>
<arg>200</arg>
<doc>Waits until the element ``locator`` appears on the current page.</doc>
<status status="PASS" starttime="20220922 15:31:00.735" endtime="20220922 15:31:00.839"/>
</kw>
<kw name="Click Element" library="SeleniumLibrary">
<arg>//div[@id='dt_contract_high_low_item']</arg>
<doc>Click the element identified by ``locator``.</doc>
<msg timestamp="20220922 15:31:00.840" level="INFO">Clicking element '//div[@id='dt_contract_high_low_item']'.</msg>
<status status="PASS" starttime="20220922 15:31:00.840" endtime="20220922 15:31:01.927"/>
</kw>
<kw name="Sleep" library="BuiltIn">
<arg>2</arg>
<doc>Pauses the test executed for the given time.</doc>
<msg timestamp="20220922 15:31:03.929" level="INFO">Slept 2 seconds</msg>
<status status="PASS" starttime="20220922 15:31:01.928" endtime="20220922 15:31:03.930"/>
</kw>
<kw name="Click Element" library="SeleniumLibrary">
<arg>//button[@id='dc_duration_toggle_item']</arg>
<doc>Click the element identified by ``locator``.</doc>
<msg timestamp="20220922 15:31:03.932" level="INFO">Clicking element '//button[@id='dc_duration_toggle_item']'.</msg>
<status status="PASS" starttime="20220922 15:31:03.931" endtime="20220922 15:31:04.401"/>
</kw>
<kw name="Sleep" library="BuiltIn">
<arg>2</arg>
<doc>Pauses the test executed for the given time.</doc>
<msg timestamp="20220922 15:31:06.402" level="INFO">Slept 2 seconds</msg>
<status status="PASS" starttime="20220922 15:31:04.401" endtime="20220922 15:31:06.402"/>
</kw>
<kw name="Press Keys" library="SeleniumLibrary">
<arg>//input[@class='dc-input__field']</arg>
<arg>CTRL+a+BACKSPACE</arg>
<doc>Simulates the user pressing key(s) to an element or on the active browser.</doc>
<msg timestamp="20220922 15:31:06.403" level="INFO">Sending key(s) ('CTRL+a+BACKSPACE',) to //input[@class='dc-input__field'] element.</msg>
<msg timestamp="20220922 15:31:06.996" level="INFO">Pressing special key CONTROL down.</msg>
<msg timestamp="20220922 15:31:06.997" level="INFO">Sending key a</msg>
<msg timestamp="20220922 15:31:06.997" level="INFO">Pressing special key BACKSPACE down.</msg>
<msg timestamp="20220922 15:31:06.997" level="INFO">Releasing special key CONTROL.</msg>
<msg timestamp="20220922 15:31:06.997" level="INFO">Releasing special key BACKSPACE.</msg>
<status status="PASS" starttime="20220922 15:31:06.402" endtime="20220922 15:31:07.250"/>
</kw>
<kw name="Input Text" library="SeleniumLibrary">
<arg>//input[@class='dc-input__field']</arg>
<arg>4</arg>
<doc>Types the given ``text`` into the text field identified by ``locator``.</doc>
<msg timestamp="20220922 15:31:07.250" level="INFO">Typing text '4' into text field '//input[@class='dc-input__field']'.</msg>
<status status="PASS" starttime="20220922 15:31:07.250" endtime="20220922 15:31:07.426"/>
</kw>
<kw name="Click Element" library="SeleniumLibrary">
<arg>//button[@id='dc_payout_toggle_item']</arg>
<doc>Click the element identified by ``locator``.</doc>
<msg timestamp="20220922 15:31:07.427" level="INFO">Clicking element '//button[@id='dc_payout_toggle_item']'.</msg>
<status status="PASS" starttime="20220922 15:31:07.426" endtime="20220922 15:31:07.678"/>
</kw>
<kw name="Press Keys" library="SeleniumLibrary">
<arg>//input[@id='dt_amount_input']</arg>
<arg>CTRL+a+BACKSPACE</arg>
<doc>Simulates the user pressing key(s) to an element or on the active browser.</doc>
<msg timestamp="20220922 15:31:07.682" level="INFO">Sending key(s) ('CTRL+a+BACKSPACE',) to //input[@id='dt_amount_input'] element.</msg>
<msg timestamp="20220922 15:31:08.335" level="INFO">Pressing special key CONTROL down.</msg>
<msg timestamp="20220922 15:31:08.335" level="INFO">Sending key a</msg>
<msg timestamp="20220922 15:31:08.335" level="INFO">Pressing special key BACKSPACE down.</msg>
<msg timestamp="20220922 15:31:08.335" level="INFO">Releasing special key CONTROL.</msg>
<msg timestamp="20220922 15:31:08.335" level="INFO">Releasing special key BACKSPACE.</msg>
<status status="PASS" starttime="20220922 15:31:07.679" endtime="20220922 15:31:08.379"/>
</kw>
<kw name="Input Text" library="SeleniumLibrary">
<arg>//input[@id='dt_amount_input']</arg>
<arg>15.50</arg>
<doc>Types the given ``text`` into the text field identified by ``locator``.</doc>
<msg timestamp="20220922 15:31:08.380" level="INFO">Typing text '15.50' into text field '//input[@id='dt_amount_input']'.</msg>
<status status="PASS" starttime="20220922 15:31:08.380" endtime="20220922 15:31:08.770"/>
</kw>
<kw name="Wait Until Page Contains Element" library="SeleniumLibrary">
<arg>//span[contains(@class, 'trade-container__price-info-currency')]</arg>
<arg>200</arg>
<doc>Waits until the element ``locator`` appears on the current page.</doc>
<status status="PASS" starttime="20220922 15:31:08.771" endtime="20220922 15:31:10.084"/>
</kw>
<kw name="Click Element" library="SeleniumLibrary">
<arg>${purchase_put_button}</arg>
<doc>Click the element identified by ``locator``.</doc>
<msg timestamp="20220922 15:31:10.085" level="INFO">Clicking element '//button[@id='dt_purchase_put_button']'.</msg>
<status status="PASS" starttime="20220922 15:31:10.084" endtime="20220922 15:31:11.193"/>
</kw>
<status status="PASS" starttime="20220922 15:30:52.828" endtime="20220922 15:31:11.194"/>
</kw>
<status status="PASS" starttime="20220922 15:30:26.284" endtime="20220922 15:31:11.194"/>
</test>
<status status="PASS" starttime="20220922 15:30:26.152" endtime="20220922 15:31:11.197"/>
</suite>
<statistics>
<total>
<stat pass="1" fail="0" skip="0">All Tests</stat>
</total>
<tag>
</tag>
<suite>
<stat pass="1" fail="0" skip="0" id="s1" name="Buy Lower Contract">Buy Lower Contract</stat>
</suite>
</statistics>
<errors>
</errors>
</robot>
