<?xml version="1.0" encoding="UTF-8"?>
<robot generator="Robot 5.0.1 (Python 3.8.10 on linux)" generated="20220922 14:43:04.213" rpa="false" schemaversion="3">
<suite id="s1" name="Buy Rise Contract" source="/home/nurulariessa/Desktop/RF/testcases/buy_rise_contract/buy_rise_contract.robot">
<test id="s1-t1" name="Buy Rise Contract" line="40">
<kw name="Login To Deriv">
<kw name="Open Browser" library="SeleniumLibrary">
<arg>https://app.deriv.com</arg>
<arg>chrome</arg>
<doc>Opens a new browser instance to the optional ``url``.</doc>
<msg timestamp="20220922 14:43:04.379" level="INFO">Opening browser 'chrome' to base url 'https://app.deriv.com'.</msg>
<status status="PASS" starttime="20220922 14:43:04.379" endtime="20220922 14:43:10.086"/>
</kw>
<kw name="Maximize Browser Window" library="SeleniumLibrary">
<doc>Maximizes current browser window.</doc>
<status status="PASS" starttime="20220922 14:43:10.087" endtime="20220922 14:43:10.204"/>
</kw>
<kw name="Wait Until Page Contains Element" library="SeleniumLibrary">
<arg>${purchase_call_button}</arg>
<arg>200</arg>
<doc>Waits until the element ``locator`` appears on the current page.</doc>
<status status="PASS" starttime="20220922 14:43:10.205" endtime="20220922 14:43:14.884"/>
</kw>
<kw name="Click Element" library="SeleniumLibrary">
<arg>${login_button}</arg>
<doc>Click the element identified by ``locator``.</doc>
<msg timestamp="20220922 14:43:14.885" level="INFO">Clicking element '//button[@id='dt_login_button']'.</msg>
<status status="PASS" starttime="20220922 14:43:14.884" endtime="20220922 14:43:17.974"/>
</kw>
<kw name="Wait Until Page Contains Element" library="SeleniumLibrary">
<arg>${email_field}</arg>
<arg>200</arg>
<doc>Waits until the element ``locator`` appears on the current page.</doc>
<status status="PASS" starttime="20220922 14:43:17.975" endtime="20220922 14:43:18.002"/>
</kw>
<kw name="Input Text" library="SeleniumLibrary">
<arg>${email_field}</arg>
<arg>${email}</arg>
<doc>Types the given ``text`` into the text field identified by ``locator``.</doc>
<msg timestamp="20220922 14:43:18.002" level="INFO">Typing text 'ariessa+67@besquare.com.my' into text field '//input[@id='txtEmail']'.</msg>
<status status="PASS" starttime="20220922 14:43:18.002" endtime="20220922 14:43:18.117"/>
</kw>
<kw name="Input Text" library="SeleniumLibrary">
<arg>${password_field}</arg>
<arg>${password}</arg>
<doc>Types the given ``text`` into the text field identified by ``locator``.</doc>
<msg timestamp="20220922 14:43:18.118" level="INFO">Typing text 'Passw0rd' into text field '//input[@id='txtPass']'.</msg>
<status status="PASS" starttime="20220922 14:43:18.117" endtime="20220922 14:43:18.216"/>
</kw>
<kw name="Click Element" library="SeleniumLibrary">
<arg>${login_form_button}</arg>
<doc>Click the element identified by ``locator``.</doc>
<msg timestamp="20220922 14:43:18.217" level="INFO">Clicking element '//button[@type='submit']'.</msg>
<status status="PASS" starttime="20220922 14:43:18.216" endtime="20220922 14:43:21.250"/>
</kw>
<kw name="Wait Until Page Contains Element" library="SeleniumLibrary">
<arg>${purchase_call_button}</arg>
<arg>200</arg>
<doc>Waits until the element ``locator`` appears on the current page.</doc>
<status status="PASS" starttime="20220922 14:43:21.250" endtime="20220922 14:43:25.268"/>
</kw>
<status status="PASS" starttime="20220922 14:43:04.378" endtime="20220922 14:43:25.268"/>
</kw>
<kw name="Check the Current Account Lands on Real Account">
<kw name="Click Element" library="SeleniumLibrary">
<arg>${account_info}</arg>
<doc>Click the element identified by ``locator``.</doc>
<msg timestamp="20220922 14:43:25.270" level="INFO">Clicking element '//div[@id='dt_core_account-info_acc-info']'.</msg>
<status status="PASS" starttime="20220922 14:43:25.270" endtime="20220922 14:43:26.782"/>
</kw>
<kw name="Page Should Contain Element" library="SeleniumLibrary">
<arg>${real_tab}</arg>
<doc>Verifies that element ``locator`` is found on the current page.</doc>
<msg timestamp="20220922 14:43:26.882" level="INFO">Current page contains element '//li[@id='real_account_tab']'.</msg>
<status status="PASS" starttime="20220922 14:43:26.782" endtime="20220922 14:43:26.883"/>
</kw>
<status status="PASS" starttime="20220922 14:43:25.269" endtime="20220922 14:43:26.883"/>
</kw>
<kw name="Switch to Virtual Account and Verify Virtual Account is Displayed">
<kw name="Click Element" library="SeleniumLibrary">
<arg>${demo_tab}</arg>
<doc>Click the element identified by ``locator``.</doc>
<msg timestamp="20220922 14:43:26.884" level="INFO">Clicking element '//li[@id='dt_core_account-switcher_demo-tab']'.</msg>
<status status="PASS" starttime="20220922 14:43:26.884" endtime="20220922 14:43:27.135"/>
</kw>
<kw name="Page Should Contain Element" library="SeleniumLibrary">
<arg>//*[contains(text(),'Demo') and .//div[contains(@class, 'acc-switcher__loginid-text')]]</arg>
<doc>Verifies that element ``locator`` is found on the current page.</doc>
<msg timestamp="20220922 14:43:27.181" level="INFO">Current page contains element '//*[contains(text(),'Demo') and .//div[contains(@class, 'acc-switcher__loginid-text')]]'.</msg>
<status status="PASS" starttime="20220922 14:43:27.136" endtime="20220922 14:43:27.181"/>
</kw>
<kw name="Click Element" library="SeleniumLibrary">
<arg>//div[contains(@class, 'acc-switcher__accounts')]</arg>
<doc>Click the element identified by ``locator``.</doc>
<msg timestamp="20220922 14:43:27.182" level="INFO">Clicking element '//div[contains(@class, 'acc-switcher__accounts')]'.</msg>
<status status="PASS" starttime="20220922 14:43:27.181" endtime="20220922 14:43:27.787"/>
</kw>
<kw name="Wait Until Page Contains Element" library="SeleniumLibrary">
<arg>//span[contains(@class, 'trade-container__price-info-currency')]</arg>
<arg>200</arg>
<doc>Waits until the element ``locator`` appears on the current page.</doc>
<status status="PASS" starttime="20220922 14:43:27.788" endtime="20220922 14:43:33.221"/>
</kw>
<status status="PASS" starttime="20220922 14:43:26.883" endtime="20220922 14:43:33.222"/>
</kw>
<kw name="Wait Until Page Contains Element" library="SeleniumLibrary">
<arg>${account_info}</arg>
<arg>200</arg>
<doc>Waits until the element ``locator`` appears on the current page.</doc>
<status status="PASS" starttime="20220922 14:43:33.222" endtime="20220922 14:43:33.258"/>
</kw>
<kw name="Click Element" library="SeleniumLibrary">
<arg>${account_info}</arg>
<doc>Click the element identified by ``locator``.</doc>
<msg timestamp="20220922 14:43:33.260" level="INFO">Clicking element '//div[@id='dt_core_account-info_acc-info']'.</msg>
<status status="PASS" starttime="20220922 14:43:33.259" endtime="20220922 14:43:33.567"/>
</kw>
<kw name="Click Element" library="SeleniumLibrary">
<arg>//div[@class='cq-symbol-select-btn']</arg>
<doc>Click the element identified by ``locator``.</doc>
<msg timestamp="20220922 14:43:33.570" level="INFO">Clicking element '//div[@class='cq-symbol-select-btn']'.</msg>
<status status="PASS" starttime="20220922 14:43:33.568" endtime="20220922 14:43:33.963"/>
</kw>
<kw name="Sleep" library="BuiltIn">
<arg>2</arg>
<doc>Pauses the test executed for the given time.</doc>
<msg timestamp="20220922 14:43:35.965" level="INFO">Slept 2 seconds</msg>
<status status="PASS" starttime="20220922 14:43:33.964" endtime="20220922 14:43:35.965"/>
</kw>
<kw name="Wait Until Page Contains Element" library="SeleniumLibrary">
<arg>//div[contains(@class, 'sc-mcd__item sc-mcd__item--1HZ10V ')]</arg>
<arg>200</arg>
<doc>Waits until the element ``locator`` appears on the current page.</doc>
<status status="PASS" starttime="20220922 14:43:35.966" endtime="20220922 14:43:36.015"/>
</kw>
<kw name="Click Element" library="SeleniumLibrary">
<arg>//div[contains(@class, 'sc-mcd__item sc-mcd__item--1HZ10V ')]</arg>
<doc>Click the element identified by ``locator``.</doc>
<msg timestamp="20220922 14:43:36.018" level="INFO">Clicking element '//div[contains(@class, 'sc-mcd__item sc-mcd__item--1HZ10V ')]'.</msg>
<status status="PASS" starttime="20220922 14:43:36.017" endtime="20220922 14:43:36.225"/>
</kw>
<kw name="Sleep" library="BuiltIn">
<arg>2</arg>
<doc>Pauses the test executed for the given time.</doc>
<msg timestamp="20220922 14:43:38.228" level="INFO">Slept 2 seconds</msg>
<status status="PASS" starttime="20220922 14:43:36.226" endtime="20220922 14:43:38.228"/>
</kw>
<kw name="Wait Until Page Contains Element" library="SeleniumLibrary">
<arg>//span[contains(@class, 'trade-container__price-info-currency')]</arg>
<arg>200</arg>
<doc>Waits until the element ``locator`` appears on the current page.</doc>
<status status="PASS" starttime="20220922 14:43:38.229" endtime="20220922 14:43:39.177"/>
</kw>
<kw name="Click Element" library="SeleniumLibrary">
<arg>//div[@data-testid='dt_contract_dropdown']</arg>
<doc>Click the element identified by ``locator``.</doc>
<msg timestamp="20220922 14:43:39.177" level="INFO">Clicking element '//div[@data-testid='dt_contract_dropdown']'.</msg>
<status status="PASS" starttime="20220922 14:43:39.177" endtime="20220922 14:43:39.318"/>
</kw>
<kw name="Wait Until Page Contains Element" library="SeleniumLibrary">
<arg>//div[@id='dt_contract_rise_fall_item']</arg>
<arg>200</arg>
<doc>Waits until the element ``locator`` appears on the current page.</doc>
<status status="PASS" starttime="20220922 14:43:39.318" endtime="20220922 14:43:39.344"/>
</kw>
<kw name="Click Element" library="SeleniumLibrary">
<arg>//div[@id='dt_contract_rise_fall_item']</arg>
<doc>Click the element identified by ``locator``.</doc>
<msg timestamp="20220922 14:43:39.345" level="INFO">Clicking element '//div[@id='dt_contract_rise_fall_item']'.</msg>
<status status="PASS" starttime="20220922 14:43:39.344" endtime="20220922 14:43:39.465"/>
</kw>
<kw name="Wait Until Page Contains Element" library="SeleniumLibrary">
<arg>//div[@id='dt_purchase_call_price']</arg>
<arg>200</arg>
<doc>Waits until the element ``locator`` appears on the current page.</doc>
<status status="PASS" starttime="20220922 14:43:39.466" endtime="20220922 14:43:39.497"/>
</kw>
<kw name="Click Element" library="SeleniumLibrary">
<arg>//button[@id='dc_t_toggle_item']</arg>
<doc>Click the element identified by ``locator``.</doc>
<msg timestamp="20220922 14:43:39.498" level="INFO">Clicking element '//button[@id='dc_t_toggle_item']'.</msg>
<status status="PASS" starttime="20220922 14:43:39.497" endtime="20220922 14:43:39.958"/>
</kw>
<kw name="Run Keyword And Return Status" library="BuiltIn">
<var>${status}</var>
<arg>Page Should Contain Element</arg>
<arg>//span[@data-testid='tick_step_5' and contains(@class,"active")]</arg>
<doc>Runs the given keyword with given arguments and returns the status as a Boolean value.</doc>
<kw name="Page Should Contain Element" library="SeleniumLibrary">
<arg>//span[@data-testid='tick_step_5' and contains(@class,"active")]</arg>
<doc>Verifies that element ``locator`` is found on the current page.</doc>
<msg timestamp="20220922 14:43:39.989" level="INFO">Current page contains element '//span[@data-testid='tick_step_5' and contains(@class,"active")]'.</msg>
<status status="PASS" starttime="20220922 14:43:39.961" endtime="20220922 14:43:39.989"/>
</kw>
<msg timestamp="20220922 14:43:39.990" level="INFO">${status} = True</msg>
<status status="PASS" starttime="20220922 14:43:39.959" endtime="20220922 14:43:39.990"/>
</kw>
<if>
<branch type="IF" condition="${status} is False">
<kw name="Click Element" library="SeleniumLibrary">
<arg>//span[@data-testid='tick_step_5']</arg>
<doc>Click the element identified by ``locator``.</doc>
<status status="NOT RUN" starttime="20220922 14:43:39.993" endtime="20220922 14:43:39.993"/>
</kw>
<status status="NOT RUN" starttime="20220922 14:43:39.992" endtime="20220922 14:43:39.993"/>
</branch>
<status status="PASS" starttime="20220922 14:43:39.991" endtime="20220922 14:43:39.993"/>
</if>
<kw name="Click Element" library="SeleniumLibrary">
<arg>//button[@id='dc_stake_toggle_item']</arg>
<doc>Click the element identified by ``locator``.</doc>
<msg timestamp="20220922 14:43:39.994" level="INFO">Clicking element '//button[@id='dc_stake_toggle_item']'.</msg>
<status status="PASS" starttime="20220922 14:43:39.994" endtime="20220922 14:43:40.074"/>
</kw>
<kw name="Input Text" library="SeleniumLibrary">
<arg>//input[@id='dt_amount_input']</arg>
<arg>10</arg>
<doc>Types the given ``text`` into the text field identified by ``locator``.</doc>
<msg timestamp="20220922 14:43:40.075" level="INFO">Typing text '10' into text field '//input[@id='dt_amount_input']'.</msg>
<status status="PASS" starttime="20220922 14:43:40.075" endtime="20220922 14:43:40.777"/>
</kw>
<kw name="Wait Until Page Contains Element" library="SeleniumLibrary">
<arg>//span[contains(@class, 'trade-container__price-info-currency')]</arg>
<arg>200</arg>
<doc>Waits until the element ``locator`` appears on the current page.</doc>
<status status="PASS" starttime="20220922 14:43:40.778" endtime="20220922 14:43:41.893"/>
</kw>
<kw name="Click Element" library="SeleniumLibrary">
<arg>${purchase_call_button}</arg>
<doc>Click the element identified by ``locator``.</doc>
<msg timestamp="20220922 14:43:41.896" level="INFO">Clicking element '//button[@id='dt_purchase_call_button']'.</msg>
<status status="PASS" starttime="20220922 14:43:41.895" endtime="20220922 14:43:42.137"/>
</kw>
<status status="PASS" starttime="20220922 14:43:04.377" endtime="20220922 14:43:42.138"/>
</test>
<status status="PASS" starttime="20220922 14:43:04.214" endtime="20220922 14:43:42.140"/>
</suite>
<statistics>
<total>
<stat pass="1" fail="0" skip="0">All Tests</stat>
</total>
<tag>
</tag>
<suite>
<stat pass="1" fail="0" skip="0" id="s1" name="Buy Rise Contract">Buy Rise Contract</stat>
</suite>
</statistics>
<errors>
</errors>
</robot>
