<?xml version="1.0" encoding="UTF-8"?>
<robot generator="Robot 5.0.1 (Python 3.8.10 on linux)" generated="20220923 17:19:21.748" rpa="false" schemaversion="3">
<suite id="s1" name="Check Multiplier Contract Parameter" source="/home/nurulariessa/Desktop/day-7-automation-projects/testcases/check_multiplier_contract_parameter/check_multiplier_contract_parameter.robot">
<test id="s1-t1" name="Check Multiple Contract Parameter" line="107">
<kw name="Login To Deriv">
<kw name="Open Browser" library="SeleniumLibrary">
<arg>https://app.deriv.com</arg>
<arg>chrome</arg>
<doc>Opens a new browser instance to the optional ``url``.</doc>
<msg timestamp="20220923 17:19:21.876" level="INFO">Opening browser 'chrome' to base url 'https://app.deriv.com'.</msg>
<status status="PASS" starttime="20220923 17:19:21.876" endtime="20220923 17:19:26.073"/>
</kw>
<kw name="Maximize Browser Window" library="SeleniumLibrary">
<doc>Maximizes current browser window.</doc>
<status status="PASS" starttime="20220923 17:19:26.073" endtime="20220923 17:19:26.189"/>
</kw>
<kw name="Wait Until Page Contains Element" library="SeleniumLibrary">
<arg>${purchase_call_button}</arg>
<arg>200</arg>
<doc>Waits until the element ``locator`` appears on the current page.</doc>
<status status="PASS" starttime="20220923 17:19:26.190" endtime="20220923 17:19:28.474"/>
</kw>
<kw name="Click Element" library="SeleniumLibrary">
<arg>${login_button}</arg>
<doc>Click the element identified by ``locator``.</doc>
<msg timestamp="20220923 17:19:28.475" level="INFO">Clicking element '//button[@id='dt_login_button']'.</msg>
<status status="PASS" starttime="20220923 17:19:28.474" endtime="20220923 17:19:31.121"/>
</kw>
<kw name="Wait Until Page Contains Element" library="SeleniumLibrary">
<arg>${email_field}</arg>
<arg>200</arg>
<doc>Waits until the element ``locator`` appears on the current page.</doc>
<status status="PASS" starttime="20220923 17:19:31.122" endtime="20220923 17:19:31.164"/>
</kw>
<kw name="Input Text" library="SeleniumLibrary">
<arg>${email_field}</arg>
<arg>${email}</arg>
<doc>Types the given ``text`` into the text field identified by ``locator``.</doc>
<msg timestamp="20220923 17:19:31.166" level="INFO">Typing text 'ariessa+11@besquare.com.my' into text field '//input[@id='txtEmail']'.</msg>
<status status="PASS" starttime="20220923 17:19:31.165" endtime="20220923 17:19:31.301"/>
</kw>
<kw name="Input Text" library="SeleniumLibrary">
<arg>${password_field}</arg>
<arg>${password}</arg>
<doc>Types the given ``text`` into the text field identified by ``locator``.</doc>
<msg timestamp="20220923 17:19:31.302" level="INFO">Typing text 'Passw0rd' into text field '//input[@id='txtPass']'.</msg>
<status status="PASS" starttime="20220923 17:19:31.301" endtime="20220923 17:19:31.397"/>
</kw>
<kw name="Click Element" library="SeleniumLibrary">
<arg>${login_form_button}</arg>
<doc>Click the element identified by ``locator``.</doc>
<msg timestamp="20220923 17:19:31.398" level="INFO">Clicking element '//button[@type='submit']'.</msg>
<status status="PASS" starttime="20220923 17:19:31.397" endtime="20220923 17:19:34.776"/>
</kw>
<kw name="Wait Until Page Contains Element" library="SeleniumLibrary">
<arg>${purchase_call_button}</arg>
<arg>200</arg>
<doc>Waits until the element ``locator`` appears on the current page.</doc>
<status status="PASS" starttime="20220923 17:19:34.776" endtime="20220923 17:19:38.417"/>
</kw>
<status status="PASS" starttime="20220923 17:19:21.876" endtime="20220923 17:19:38.417"/>
</kw>
<kw name="Check the Current Account Lands on Real Account">
<kw name="Wait Until Page Contains Element" library="SeleniumLibrary">
<arg>${account_info}</arg>
<doc>Waits until the element ``locator`` appears on the current page.</doc>
<status status="PASS" starttime="20220923 17:19:38.418" endtime="20220923 17:19:38.432"/>
</kw>
<kw name="Click Element" library="SeleniumLibrary">
<arg>${account_info}</arg>
<doc>Click the element identified by ``locator``.</doc>
<msg timestamp="20220923 17:19:38.433" level="INFO">Clicking element '//div[@id='dt_core_account-info_acc-info']'.</msg>
<status status="PASS" starttime="20220923 17:19:38.432" endtime="20220923 17:19:38.522"/>
</kw>
<kw name="Page Should Contain Element" library="SeleniumLibrary">
<arg>${real_tab}</arg>
<doc>Verifies that element ``locator`` is found on the current page.</doc>
<msg timestamp="20220923 17:19:38.611" level="INFO">Current page contains element '//li[@id='real_account_tab']'.</msg>
<status status="PASS" starttime="20220923 17:19:38.523" endtime="20220923 17:19:38.611"/>
</kw>
<status status="PASS" starttime="20220923 17:19:38.418" endtime="20220923 17:19:38.611"/>
</kw>
<kw name="Switch to Virtual Account and Verify Virtual Account is Displayed">
<kw name="Click Element" library="SeleniumLibrary">
<arg>${demo_tab}</arg>
<doc>Click the element identified by ``locator``.</doc>
<msg timestamp="20220923 17:19:38.613" level="INFO">Clicking element '//li[@id='dt_core_account-switcher_demo-tab']'.</msg>
<status status="PASS" starttime="20220923 17:19:38.612" endtime="20220923 17:19:38.725"/>
</kw>
<kw name="Page Should Contain Element" library="SeleniumLibrary">
<arg>//*[contains(text(),'Demo') and .//div[contains(@class, 'acc-switcher__loginid-text')]]</arg>
<doc>Verifies that element ``locator`` is found on the current page.</doc>
<msg timestamp="20220923 17:19:38.764" level="INFO">Current page contains element '//*[contains(text(),'Demo') and .//div[contains(@class, 'acc-switcher__loginid-text')]]'.</msg>
<status status="PASS" starttime="20220923 17:19:38.726" endtime="20220923 17:19:38.764"/>
</kw>
<kw name="Click Element" library="SeleniumLibrary">
<arg>//div[contains(@class, 'acc-switcher__accounts')]</arg>
<doc>Click the element identified by ``locator``.</doc>
<msg timestamp="20220923 17:19:38.766" level="INFO">Clicking element '//div[contains(@class, 'acc-switcher__accounts')]'.</msg>
<status status="PASS" starttime="20220923 17:19:38.765" endtime="20220923 17:19:39.889"/>
</kw>
<kw name="Wait Until Page Contains Element" library="SeleniumLibrary">
<arg>//span[contains(@class, 'trade-container__price-info-currency')]</arg>
<arg>200</arg>
<doc>Waits until the element ``locator`` appears on the current page.</doc>
<status status="PASS" starttime="20220923 17:19:39.890" endtime="20220923 17:19:40.021"/>
</kw>
<status status="PASS" starttime="20220923 17:19:38.611" endtime="20220923 17:19:40.022"/>
</kw>
<kw name="Check Multiple Contract Parameter">
<kw name="Wait Until Page Contains Element" library="SeleniumLibrary">
<arg>${account_info}</arg>
<arg>200</arg>
<doc>Waits until the element ``locator`` appears on the current page.</doc>
<status status="PASS" starttime="20220923 17:19:40.022" endtime="20220923 17:19:40.057"/>
</kw>
<kw name="Click Element" library="SeleniumLibrary">
<arg>${account_info}</arg>
<doc>Click the element identified by ``locator``.</doc>
<msg timestamp="20220923 17:19:40.058" level="INFO">Clicking element '//div[@id='dt_core_account-info_acc-info']'.</msg>
<status status="PASS" starttime="20220923 17:19:40.057" endtime="20220923 17:19:40.206"/>
</kw>
<kw name="Click Element" library="SeleniumLibrary">
<arg>//div[@class='cq-symbol-select-btn']</arg>
<doc>Click the element identified by ``locator``.</doc>
<msg timestamp="20220923 17:19:40.207" level="INFO">Clicking element '//div[@class='cq-symbol-select-btn']'.</msg>
<status status="PASS" starttime="20220923 17:19:40.207" endtime="20220923 17:19:40.429"/>
</kw>
<kw name="Sleep" library="BuiltIn">
<arg>2</arg>
<doc>Pauses the test executed for the given time.</doc>
<msg timestamp="20220923 17:19:42.430" level="INFO">Slept 2 seconds</msg>
<status status="PASS" starttime="20220923 17:19:40.429" endtime="20220923 17:19:42.430"/>
</kw>
<kw name="Wait Until Page Contains Element" library="SeleniumLibrary">
<arg>//div[contains(text(), 'Synthetic Indices') and contains(@class, 'sc-mcd__filter__item ')]</arg>
<arg>200</arg>
<doc>Waits until the element ``locator`` appears on the current page.</doc>
<status status="PASS" starttime="20220923 17:19:42.430" endtime="20220923 17:19:42.477"/>
</kw>
<kw name="Click Element" library="SeleniumLibrary">
<arg>//div[contains(text(), 'Synthetic Indices') and contains(@class, 'sc-mcd__filter__item ')]</arg>
<doc>Click the element identified by ``locator``.</doc>
<msg timestamp="20220923 17:19:42.479" level="INFO">Clicking element '//div[contains(text(), 'Synthetic Indices') and contains(@class, 'sc-mcd__filter__item ')]'.</msg>
<status status="PASS" starttime="20220923 17:19:42.478" endtime="20220923 17:19:42.713"/>
</kw>
<kw name="Wait Until Page Contains Element" library="SeleniumLibrary">
<arg>//div[contains(@class, 'sc-mcd__item sc-mcd__item--R_50 ')]</arg>
<arg>200</arg>
<doc>Waits until the element ``locator`` appears on the current page.</doc>
<status status="PASS" starttime="20220923 17:19:42.713" endtime="20220923 17:19:42.733"/>
</kw>
<kw name="Click Element" library="SeleniumLibrary">
<arg>//div[contains(@class, 'sc-mcd__item sc-mcd__item--R_50 ')]</arg>
<doc>Click the element identified by ``locator``.</doc>
<msg timestamp="20220923 17:19:42.735" level="INFO">Clicking element '//div[contains(@class, 'sc-mcd__item sc-mcd__item--R_50 ')]'.</msg>
<status status="PASS" starttime="20220923 17:19:42.734" endtime="20220923 17:19:43.011"/>
</kw>
<kw name="Sleep" library="BuiltIn">
<arg>2</arg>
<doc>Pauses the test executed for the given time.</doc>
<msg timestamp="20220923 17:19:45.013" level="INFO">Slept 2 seconds</msg>
<status status="PASS" starttime="20220923 17:19:43.012" endtime="20220923 17:19:45.013"/>
</kw>
<kw name="Run Keyword And Return Status" library="BuiltIn">
<var>${status}</var>
<arg>Page Should Contain Element</arg>
<arg>//button[@class='notification__close-button']</arg>
<doc>Runs the given keyword with given arguments and returns the status as a Boolean value.</doc>
<kw name="Page Should Contain Element" library="SeleniumLibrary">
<arg>//button[@class='notification__close-button']</arg>
<doc>Verifies that element ``locator`` is found on the current page.</doc>
<msg timestamp="20220923 17:19:45.538" level="INFO" html="true">&lt;/td&gt;&lt;/tr&gt;&lt;tr&gt;&lt;td colspan="3"&gt;&lt;a href="selenium-screenshot-7.png"&gt;&lt;img src="selenium-screenshot-7.png" width="800px"&gt;&lt;/a&gt;</msg>
<msg timestamp="20220923 17:19:45.539" level="FAIL">Page should have contained element '//button[@class='notification__close-button']' but did not.</msg>
<status status="FAIL" starttime="20220923 17:19:45.015" endtime="20220923 17:19:45.541"/>
</kw>
<msg timestamp="20220923 17:19:45.542" level="INFO">${status} = False</msg>
<status status="PASS" starttime="20220923 17:19:45.014" endtime="20220923 17:19:45.542"/>
</kw>
<if>
<branch type="IF" condition="${status} is True">
<kw name="Click Element" library="SeleniumLibrary">
<arg>//button[@class='notification__close-button']</arg>
<doc>Click the element identified by ``locator``.</doc>
<status status="NOT RUN" starttime="20220923 17:19:45.542" endtime="20220923 17:19:45.543"/>
</kw>
<status status="NOT RUN" starttime="20220923 17:19:45.542" endtime="20220923 17:19:45.543"/>
</branch>
<status status="PASS" starttime="20220923 17:19:45.542" endtime="20220923 17:19:45.543"/>
</if>
<kw name="Wait Until Page Contains Element" library="SeleniumLibrary">
<arg>//div[@data-testid='dt_contract_dropdown']</arg>
<arg>200</arg>
<doc>Waits until the element ``locator`` appears on the current page.</doc>
<status status="PASS" starttime="20220923 17:19:45.543" endtime="20220923 17:19:45.561"/>
</kw>
<kw name="Click Element" library="SeleniumLibrary">
<arg>//div[@data-testid='dt_contract_dropdown']</arg>
<doc>Click the element identified by ``locator``.</doc>
<msg timestamp="20220923 17:19:45.561" level="INFO">Clicking element '//div[@data-testid='dt_contract_dropdown']'.</msg>
<status status="PASS" starttime="20220923 17:19:45.561" endtime="20220923 17:19:45.664"/>
</kw>
<kw name="Sleep" library="BuiltIn">
<arg>2</arg>
<doc>Pauses the test executed for the given time.</doc>
<msg timestamp="20220923 17:19:47.664" level="INFO">Slept 2 seconds</msg>
<status status="PASS" starttime="20220923 17:19:45.664" endtime="20220923 17:19:47.665"/>
</kw>
<kw name="Wait Until Page Contains Element" library="SeleniumLibrary">
<arg>//div[@id='dt_contract_multiplier_item']</arg>
<arg>200</arg>
<doc>Waits until the element ``locator`` appears on the current page.</doc>
<status status="PASS" starttime="20220923 17:19:47.665" endtime="20220923 17:19:47.686"/>
</kw>
<kw name="Click Element" library="SeleniumLibrary">
<arg>//div[@id='dt_contract_multiplier_item']</arg>
<doc>Click the element identified by ``locator``.</doc>
<msg timestamp="20220923 17:19:47.687" level="INFO">Clicking element '//div[@id='dt_contract_multiplier_item']'.</msg>
<msg timestamp="20220923 17:19:49.039" level="INFO" html="true">&lt;/td&gt;&lt;/tr&gt;&lt;tr&gt;&lt;td colspan="3"&gt;&lt;a href="selenium-screenshot-8.png"&gt;&lt;img src="selenium-screenshot-8.png" width="800px"&gt;&lt;/a&gt;</msg>
<msg timestamp="20220923 17:19:49.042" level="FAIL">ElementClickInterceptedException: Message: element click intercepted: Element &lt;div id="dt_contract_multiplier_item" class="contract-type-item" name="contract_type" value="multiplier"&gt;...&lt;/div&gt; is not clickable at point (1503, 184). Other element would receive the click: &lt;div class="notification__action"&gt;...&lt;/div&gt;
  (Session info: chrome=104.0.5112.101)
Stacktrace:
#0 0x561edcaa5403 &lt;unknown&gt;
#1 0x561edc8ab778 &lt;unknown&gt;
#2 0x561edc8ea355 &lt;unknown&gt;
#3 0x561edc8e7ee2 &lt;unknown&gt;
#4 0x561edc8e5584 &lt;unknown&gt;
#5 0x561edc8e41f5 &lt;unknown&gt;
#6 0x561edc8d7e49 &lt;unknown&gt;
#7 0x561edc900a02 &lt;unknown&gt;
#8 0x561edc8d7703 &lt;unknown&gt;
#9 0x561edc900b0e &lt;unknown&gt;
#10 0x561edc913c74 &lt;unknown&gt;
#11 0x561edc9008f3 &lt;unknown&gt;
#12 0x561edc8d60d8 &lt;unknown&gt;
#13 0x561edc8d7205 &lt;unknown&gt;
#14 0x561edcaece3d &lt;unknown&gt;
#15 0x561edcaefdb6 &lt;unknown&gt;
#16 0x561edcad613e &lt;unknown&gt;
#17 0x561edcaf09b5 &lt;unknown&gt;
#18 0x561edcaca970 &lt;unknown&gt;
#19 0x561edcb0d228 &lt;unknown&gt;
#20 0x561edcb0d3bf &lt;unknown&gt;
#21 0x561edcb27abe &lt;unknown&gt;
#22 0x7fcc00588609 &lt;unknown&gt;
</msg>
<status status="FAIL" starttime="20220923 17:19:47.687" endtime="20220923 17:19:49.046"/>
</kw>
<kw name="Sleep" library="BuiltIn">
<arg>2</arg>
<doc>Pauses the test executed for the given time.</doc>
<status status="NOT RUN" starttime="20220923 17:19:49.048" endtime="20220923 17:19:49.048"/>
</kw>
<kw name="Wait Until Page Contains Element" library="SeleniumLibrary">
<arg>//div[@class='trade-container__fieldset-header trade-container__fieldset-header--inline']</arg>
<arg>200</arg>
<doc>Waits until the element ``locator`` appears on the current page.</doc>
<status status="NOT RUN" starttime="20220923 17:19:49.049" endtime="20220923 17:19:49.049"/>
</kw>
<kw name="Wait Until Element Is Visible" library="SeleniumLibrary">
<arg>//input[@id='dt_cancellation-checkbox_input'] 200</arg>
<doc>Waits until the element ``locator`` is visible.</doc>
<status status="NOT RUN" starttime="20220923 17:19:49.050" endtime="20220923 17:19:49.050"/>
</kw>
<kw name="Click Element" library="SeleniumLibrary">
<arg>//input[@id='dt_cancellation-checkbox_input']</arg>
<doc>Click the element identified by ``locator``.</doc>
<status status="NOT RUN" starttime="20220923 17:19:49.050" endtime="20220923 17:19:49.051"/>
</kw>
<kw name="Checkbox Should Be Selected" library="SeleniumLibrary">
<arg>//input[@id='dt_cancellation-checkbox_input']</arg>
<doc>Verifies checkbox ``locator`` is selected/checked.</doc>
<status status="NOT RUN" starttime="20220923 17:19:49.051" endtime="20220923 17:19:49.051"/>
</kw>
<kw name="Wait Until Element Is Visible" library="SeleniumLibrary">
<arg>//*[contains(text(), 'Take profit')]</arg>
<arg>200</arg>
<doc>Waits until the element ``locator`` is visible.</doc>
<status status="NOT RUN" starttime="20220923 17:19:49.052" endtime="20220923 17:19:49.052"/>
</kw>
<kw name="Wait Until Element Is Visible" library="SeleniumLibrary">
<arg>//*[contains(text(), 'Stop loss')]</arg>
<arg>200</arg>
<doc>Waits until the element ``locator`` is visible.</doc>
<status status="NOT RUN" starttime="20220923 17:19:49.052" endtime="20220923 17:19:49.053"/>
</kw>
<kw name="Click Element" library="SeleniumLibrary">
<arg>//*[contains(text(), 'Take profit')]</arg>
<doc>Click the element identified by ``locator``.</doc>
<status status="NOT RUN" starttime="20220923 17:19:49.053" endtime="20220923 17:19:49.054"/>
</kw>
<kw name="Click Element" library="SeleniumLibrary">
<arg>//*[contains(text(), 'Stop loss')]</arg>
<doc>Click the element identified by ``locator``.</doc>
<status status="NOT RUN" starttime="20220923 17:19:49.055" endtime="20220923 17:19:49.055"/>
</kw>
<kw name="Checkbox Should Be Selected" library="SeleniumLibrary">
<arg>//input[@id='dc_take_profit-checkbox_input']</arg>
<doc>Verifies checkbox ``locator`` is selected/checked.</doc>
<status status="NOT RUN" starttime="20220923 17:19:49.056" endtime="20220923 17:19:49.056"/>
</kw>
<kw name="Checkbox Should Be Selected" library="SeleniumLibrary">
<arg>//input[@id='dc_stop_loss-checkbox_input']</arg>
<doc>Verifies checkbox ``locator`` is selected/checked.</doc>
<status status="NOT RUN" starttime="20220923 17:19:49.056" endtime="20220923 17:19:49.056"/>
</kw>
<kw name="Checkbox Should Not Be Selected" library="SeleniumLibrary">
<arg>//input[@id='dt_cancellation-checkbox_input']</arg>
<doc>Verifies checkbox ``locator`` is not selected/checked.</doc>
<status status="NOT RUN" starttime="20220923 17:19:49.057" endtime="20220923 17:19:49.057"/>
</kw>
<kw name="Click Element" library="SeleniumLibrary">
<arg>//div[@id='dropdown-display']</arg>
<doc>Click the element identified by ``locator``.</doc>
<status status="NOT RUN" starttime="20220923 17:19:49.057" endtime="20220923 17:19:49.057"/>
</kw>
<kw name="Page Should Contain Element" library="SeleniumLibrary">
<arg>//div[@id='20')]</arg>
<doc>Verifies that element ``locator`` is found on the current page.</doc>
<status status="NOT RUN" starttime="20220923 17:19:49.058" endtime="20220923 17:19:49.058"/>
</kw>
<kw name="Page Should Contain Element" library="SeleniumLibrary">
<arg>//div[@id='40')]</arg>
<doc>Verifies that element ``locator`` is found on the current page.</doc>
<status status="NOT RUN" starttime="20220923 17:19:49.058" endtime="20220923 17:19:49.058"/>
</kw>
<kw name="Page Should Contain Element" library="SeleniumLibrary">
<arg>//div[@id='60')]</arg>
<doc>Verifies that element ``locator`` is found on the current page.</doc>
<status status="NOT RUN" starttime="20220923 17:19:49.058" endtime="20220923 17:19:49.058"/>
</kw>
<kw name="Page Should Contain Element" library="SeleniumLibrary">
<arg>//div[@id='100')]</arg>
<doc>Verifies that element ``locator`` is found on the current page.</doc>
<status status="NOT RUN" starttime="20220923 17:19:49.059" endtime="20220923 17:19:49.059"/>
</kw>
<kw name="Page Should Contain Element" library="SeleniumLibrary">
<arg>//div[@id='120')]</arg>
<doc>Verifies that element ``locator`` is found on the current page.</doc>
<status status="NOT RUN" starttime="20220923 17:19:49.059" endtime="20220923 17:19:49.059"/>
</kw>
<status status="FAIL" starttime="20220923 17:19:40.022" endtime="20220923 17:19:49.060"/>
</kw>
<status status="FAIL" starttime="20220923 17:19:21.875" endtime="20220923 17:19:49.061">ElementClickInterceptedException: Message: element click intercepted: Element &lt;div id="dt_contract_multiplier_item" class="contract-type-item" name="contract_type" value="multiplier"&gt;...&lt;/div&gt; is not clickable at point (1503, 184). Other element would receive the click: &lt;div class="notification__action"&gt;...&lt;/div&gt;
  (Session info: chrome=104.0.5112.101)
Stacktrace:
#0 0x561edcaa5403 &lt;unknown&gt;
#1 0x561edc8ab778 &lt;unknown&gt;
#2 0x561edc8ea355 &lt;unknown&gt;
#3 0x561edc8e7ee2 &lt;unknown&gt;
#4 0x561edc8e5584 &lt;unknown&gt;
#5 0x561edc8e41f5 &lt;unknown&gt;
#6 0x561edc8d7e49 &lt;unknown&gt;
#7 0x561edc900a02 &lt;unknown&gt;
#8 0x561edc8d7703 &lt;unknown&gt;
#9 0x561edc900b0e &lt;unknown&gt;
#10 0x561edc913c74 &lt;unknown&gt;
#11 0x561edc9008f3 &lt;unknown&gt;
#12 0x561edc8d60d8 &lt;unknown&gt;
#13 0x561edc8d7205 &lt;unknown&gt;
#14 0x561edcaece3d &lt;unknown&gt;
#15 0x561edcaefdb6 &lt;unknown&gt;
#16 0x561edcad613e &lt;unknown&gt;
#17 0x561edcaf09b5 &lt;unknown&gt;
#18 0x561edcaca970 &lt;unknown&gt;
#19 0x561edcb0d228 &lt;unknown&gt;
#20 0x561edcb0d3bf &lt;unknown&gt;
#21 0x561edcb27abe &lt;unknown&gt;
#22 0x7fcc00588609 &lt;unknown&gt;
</status>
</test>
<status status="FAIL" starttime="20220923 17:19:21.749" endtime="20220923 17:19:49.064"/>
</suite>
<statistics>
<total>
<stat pass="0" fail="1" skip="0">All Tests</stat>
</total>
<tag>
</tag>
<suite>
<stat pass="0" fail="1" skip="0" id="s1" name="Check Multiplier Contract Parameter">Check Multiplier Contract Parameter</stat>
</suite>
</statistics>
<errors>
</errors>
</robot>
